This is pdfTeX, Version 3.141592653-2.6-1.40.24 (MiKTeX 22.1) (preloaded format=pdflatex 2022.3.11)  20 MAY 2022 19:45
entering extended mode
 restricted \write18 enabled.
 %&-line parsing enabled.
**./GanttChart.tex
(GanttChart.tex
LaTeX2e <2021-11-15> patch level 1
L3 programming layer <2022-02-24>

! LaTeX Error: Missing \begin{document}.

See the LaTeX manual or LaTeX Companion for explanation.
Type  H <return>  for immediate help.
 ...                                              
                                                  
l.1 G
     anttChart Quer
You're in trouble here.  Try typing  <return>  to proceed.
If that doesn't work, type  X <return>  to quit.

Missing character: There is no G in font nullfont!
Missing character: There is no a in font nullfont!
Missing character: There is no n in font nullfont!
Missing character: There is no t in font nullfont!
Missing character: There is no t in font nullfont!
Missing character: There is no C in font nullfont!
Missing character: There is no h in font nullfont!
Missing character: There is no a in font nullfont!
Missing character: There is no r in font nullfont!
Missing character: There is no t in font nullfont!
Missing character: There is no Q in font nullfont!
Missing character: There is no u in font nullfont!
Missing character: There is no e in font nullfont!
Missing character: There is no r in font nullfont!
)
! Emergency stop.
<*> ./GanttChart.tex
                    
*** (job aborted, no legal \end found)

 
Here is how much of TeX's memory you used:
 18 strings out of 478548
 469 string characters out of 4600969
 5289188 words of memory out of 10000000
 18321 multiletter control sequences out of 15000+600000
 469259 words of font info for 28 fonts, out of 5000000 for 9000
 1141 hyphenation exceptions out of 8191
 13i,0n,12p,64b,14s stack positions out of 5000i,500n,10000p,5000000b,80000s
!  ==> Fatal error occurred, no output PDF file produced!
